<?xml version="1.0" encoding="UTF-8"?>
<testng-results skipped="0" failed="0" ignored="0" total="20" passed="20">
  <reporter-output>
  </reporter-output>
  <suite name="book-flight-module" duration-ms="59136" started-at="2020-10-26T15:12:31Z" finished-at="2020-10-26T15:13:30Z">
    <groups>
    </groups>
    <test name="book-flight-1" duration-ms="28237" started-at="2020-10-26T15:12:31Z" finished-at="2020-10-26T15:12:59Z">
      <class name="com.newtours.tests.BookFlightTest">
        <test-method status="PASS" signature="setupDriver()[pri:0, instance:com.newtours.tests.BookFlightTest@7e0ea639]" name="setupDriver" is-config="true" duration-ms="6207" started-at="2020-10-26T15:12:31Z" finished-at="2020-10-26T15:12:37Z">
          <reporter-output>
          </reporter-output>
        </test-method> <!-- setupDriver -->
        <test-method status="PASS" signature="setupParameters(java.lang.String, java.lang.String)[pri:0, instance:com.newtours.tests.BookFlightTest@7e0ea639]" name="setupParameters" is-config="true" duration-ms="11" started-at="2020-10-26T15:12:37Z" depends-on-methods="com.tests.BaseTest.setupDriver" finished-at="2020-10-26T15:12:37Z">
          <params>
            <param index="0">
              <value>
                <![CDATA[1]]>
              </value>
            </param>
            <param index="1">
              <value>
                <![CDATA[$584 USD]]>
              </value>
            </param>
          </params>
          <reporter-output>
          </reporter-output>
        </test-method> <!-- setupParameters -->
        <test-method status="PASS" signature="registrationPage()[pri:0, instance:com.newtours.tests.BookFlightTest@7e0ea639]" name="registrationPage" duration-ms="15860" started-at="2020-10-26T15:12:37Z" finished-at="2020-10-26T15:12:53Z">
          <reporter-output>
          </reporter-output>
        </test-method> <!-- registrationPage -->
        <test-method status="PASS" signature="registrationConfirmationPage()[pri:0, instance:com.newtours.tests.BookFlightTest@7e0ea639]" name="registrationConfirmationPage" duration-ms="967" started-at="2020-10-26T15:12:53Z" depends-on-methods="com.newtours.tests.BookFlightTest.registrationPage" finished-at="2020-10-26T15:12:54Z">
          <reporter-output>
          </reporter-output>
        </test-method> <!-- registrationConfirmationPage -->
        <test-method status="PASS" signature="flightDetailsPage()[pri:0, instance:com.newtours.tests.BookFlightTest@7e0ea639]" name="flightDetailsPage" duration-ms="2970" started-at="2020-10-26T15:12:54Z" depends-on-methods="com.newtours.tests.BookFlightTest.registrationConfirmationPage" finished-at="2020-10-26T15:12:57Z">
          <reporter-output>
          </reporter-output>
        </test-method> <!-- flightDetailsPage -->
        <test-method status="PASS" signature="findFlightPage()[pri:0, instance:com.newtours.tests.BookFlightTest@7e0ea639]" name="findFlightPage" duration-ms="1301" started-at="2020-10-26T15:12:57Z" depends-on-methods="com.newtours.tests.BookFlightTest.flightDetailsPage" finished-at="2020-10-26T15:12:58Z">
          <reporter-output>
          </reporter-output>
        </test-method> <!-- findFlightPage -->
        <test-method status="PASS" signature="flightConfirmationPage()[pri:0, instance:com.newtours.tests.BookFlightTest@7e0ea639]" name="flightConfirmationPage" duration-ms="730" started-at="2020-10-26T15:12:58Z" depends-on-methods="com.newtours.tests.BookFlightTest.findFlightPage" finished-at="2020-10-26T15:12:59Z">
          <reporter-output>
          </reporter-output>
        </test-method> <!-- flightConfirmationPage -->
        <test-method status="PASS" signature="quitDriver()[pri:0, instance:com.newtours.tests.BookFlightTest@7e0ea639]" name="quitDriver" is-config="true" duration-ms="85" started-at="2020-10-26T15:12:59Z" finished-at="2020-10-26T15:12:59Z">
          <reporter-output>
          </reporter-output>
        </test-method> <!-- quitDriver -->
      </class> <!-- com.newtours.tests.BookFlightTest -->
    </test> <!-- book-flight-1 -->
    <test name="book-flight-4" duration-ms="44008" started-at="2020-10-26T15:12:31Z" finished-at="2020-10-26T15:13:15Z">
      <class name="com.newtours.tests.BookFlightTest">
        <test-method status="PASS" signature="setupDriver()[pri:0, instance:com.newtours.tests.BookFlightTest@1324409e]" name="setupDriver" is-config="true" duration-ms="26055" started-at="2020-10-26T15:12:31Z" finished-at="2020-10-26T15:12:57Z">
          <reporter-output>
          </reporter-output>
        </test-method> <!-- setupDriver -->
        <test-method status="PASS" signature="setupParameters(java.lang.String, java.lang.String)[pri:0, instance:com.newtours.tests.BookFlightTest@1324409e]" name="setupParameters" is-config="true" duration-ms="1" started-at="2020-10-26T15:12:57Z" depends-on-methods="com.tests.BaseTest.setupDriver" finished-at="2020-10-26T15:12:57Z">
          <params>
            <param index="0">
              <value>
                <![CDATA[4]]>
              </value>
            </param>
            <param index="1">
              <value>
                <![CDATA[$2338 USD]]>
              </value>
            </param>
          </params>
          <reporter-output>
          </reporter-output>
        </test-method> <!-- setupParameters -->
        <test-method status="PASS" signature="registrationPage()[pri:0, instance:com.newtours.tests.BookFlightTest@1324409e]" name="registrationPage" duration-ms="10176" started-at="2020-10-26T15:12:57Z" finished-at="2020-10-26T15:13:07Z">
          <reporter-output>
          </reporter-output>
        </test-method> <!-- registrationPage -->
        <test-method status="PASS" signature="registrationConfirmationPage()[pri:0, instance:com.newtours.tests.BookFlightTest@1324409e]" name="registrationConfirmationPage" duration-ms="1786" started-at="2020-10-26T15:13:07Z" depends-on-methods="com.newtours.tests.BookFlightTest.registrationPage" finished-at="2020-10-26T15:13:09Z">
          <reporter-output>
          </reporter-output>
        </test-method> <!-- registrationConfirmationPage -->
        <test-method status="PASS" signature="flightDetailsPage()[pri:0, instance:com.newtours.tests.BookFlightTest@1324409e]" name="flightDetailsPage" duration-ms="2004" started-at="2020-10-26T15:13:09Z" depends-on-methods="com.newtours.tests.BookFlightTest.registrationConfirmationPage" finished-at="2020-10-26T15:13:11Z">
          <reporter-output>
          </reporter-output>
        </test-method> <!-- flightDetailsPage -->
        <test-method status="PASS" signature="findFlightPage()[pri:0, instance:com.newtours.tests.BookFlightTest@1324409e]" name="findFlightPage" duration-ms="2136" started-at="2020-10-26T15:13:11Z" depends-on-methods="com.newtours.tests.BookFlightTest.flightDetailsPage" finished-at="2020-10-26T15:13:13Z">
          <reporter-output>
          </reporter-output>
        </test-method> <!-- findFlightPage -->
        <test-method status="PASS" signature="flightConfirmationPage()[pri:0, instance:com.newtours.tests.BookFlightTest@1324409e]" name="flightConfirmationPage" duration-ms="1718" started-at="2020-10-26T15:13:13Z" depends-on-methods="com.newtours.tests.BookFlightTest.findFlightPage" finished-at="2020-10-26T15:13:14Z">
          <reporter-output>
          </reporter-output>
        </test-method> <!-- flightConfirmationPage -->
        <test-method status="PASS" signature="quitDriver()[pri:0, instance:com.newtours.tests.BookFlightTest@1324409e]" name="quitDriver" is-config="true" duration-ms="116" started-at="2020-10-26T15:13:14Z" finished-at="2020-10-26T15:13:15Z">
          <reporter-output>
          </reporter-output>
        </test-method> <!-- quitDriver -->
      </class> <!-- com.newtours.tests.BookFlightTest -->
    </test> <!-- book-flight-4 -->
    <test name="book-flight-2" duration-ms="48668" started-at="2020-10-26T15:12:31Z" finished-at="2020-10-26T15:13:19Z">
      <class name="com.newtours.tests.BookFlightTest">
        <test-method status="PASS" signature="setupDriver()[pri:0, instance:com.newtours.tests.BookFlightTest@79b4d0f]" name="setupDriver" is-config="true" duration-ms="32332" started-at="2020-10-26T15:12:31Z" finished-at="2020-10-26T15:13:03Z">
          <reporter-output>
          </reporter-output>
        </test-method> <!-- setupDriver -->
        <test-method status="PASS" signature="setupParameters(java.lang.String, java.lang.String)[pri:0, instance:com.newtours.tests.BookFlightTest@79b4d0f]" name="setupParameters" is-config="true" duration-ms="2" started-at="2020-10-26T15:13:03Z" depends-on-methods="com.tests.BaseTest.setupDriver" finished-at="2020-10-26T15:13:03Z">
          <params>
            <param index="0">
              <value>
                <![CDATA[2]]>
              </value>
            </param>
            <param index="1">
              <value>
                <![CDATA[$1169 USD]]>
              </value>
            </param>
          </params>
          <reporter-output>
          </reporter-output>
        </test-method> <!-- setupParameters -->
        <test-method status="PASS" signature="registrationPage()[pri:0, instance:com.newtours.tests.BookFlightTest@79b4d0f]" name="registrationPage" duration-ms="10120" started-at="2020-10-26T15:13:03Z" finished-at="2020-10-26T15:13:13Z">
          <reporter-output>
          </reporter-output>
        </test-method> <!-- registrationPage -->
        <test-method status="PASS" signature="registrationConfirmationPage()[pri:0, instance:com.newtours.tests.BookFlightTest@79b4d0f]" name="registrationConfirmationPage" duration-ms="1413" started-at="2020-10-26T15:13:13Z" depends-on-methods="com.newtours.tests.BookFlightTest.registrationPage" finished-at="2020-10-26T15:13:14Z">
          <reporter-output>
          </reporter-output>
        </test-method> <!-- registrationConfirmationPage -->
        <test-method status="PASS" signature="flightDetailsPage()[pri:0, instance:com.newtours.tests.BookFlightTest@79b4d0f]" name="flightDetailsPage" duration-ms="1918" started-at="2020-10-26T15:13:14Z" depends-on-methods="com.newtours.tests.BookFlightTest.registrationConfirmationPage" finished-at="2020-10-26T15:13:16Z">
          <reporter-output>
          </reporter-output>
        </test-method> <!-- flightDetailsPage -->
        <test-method status="PASS" signature="findFlightPage()[pri:0, instance:com.newtours.tests.BookFlightTest@79b4d0f]" name="findFlightPage" duration-ms="1197" started-at="2020-10-26T15:13:16Z" depends-on-methods="com.newtours.tests.BookFlightTest.flightDetailsPage" finished-at="2020-10-26T15:13:18Z">
          <reporter-output>
          </reporter-output>
        </test-method> <!-- findFlightPage -->
        <test-method status="PASS" signature="flightConfirmationPage()[pri:0, instance:com.newtours.tests.BookFlightTest@79b4d0f]" name="flightConfirmationPage" duration-ms="1583" started-at="2020-10-26T15:13:18Z" depends-on-methods="com.newtours.tests.BookFlightTest.findFlightPage" finished-at="2020-10-26T15:13:19Z">
          <reporter-output>
          </reporter-output>
        </test-method> <!-- flightConfirmationPage -->
        <test-method status="PASS" signature="quitDriver()[pri:0, instance:com.newtours.tests.BookFlightTest@79b4d0f]" name="quitDriver" is-config="true" duration-ms="75" started-at="2020-10-26T15:13:19Z" finished-at="2020-10-26T15:13:19Z">
          <reporter-output>
          </reporter-output>
        </test-method> <!-- quitDriver -->
      </class> <!-- com.newtours.tests.BookFlightTest -->
    </test> <!-- book-flight-2 -->
    <test name="book-flight-3" duration-ms="59127" started-at="2020-10-26T15:12:31Z" finished-at="2020-10-26T15:13:30Z">
      <class name="com.newtours.tests.BookFlightTest">
        <test-method status="PASS" signature="setupDriver()[pri:0, instance:com.newtours.tests.BookFlightTest@5f2050f6]" name="setupDriver" is-config="true" duration-ms="46621" started-at="2020-10-26T15:12:31Z" finished-at="2020-10-26T15:13:17Z">
          <reporter-output>
          </reporter-output>
        </test-method> <!-- setupDriver -->
        <test-method status="PASS" signature="setupParameters(java.lang.String, java.lang.String)[pri:0, instance:com.newtours.tests.BookFlightTest@5f2050f6]" name="setupParameters" is-config="true" duration-ms="1" started-at="2020-10-26T15:13:17Z" depends-on-methods="com.tests.BaseTest.setupDriver" finished-at="2020-10-26T15:13:17Z">
          <params>
            <param index="0">
              <value>
                <![CDATA[3]]>
              </value>
            </param>
            <param index="1">
              <value>
                <![CDATA[$1753 USD]]>
              </value>
            </param>
          </params>
          <reporter-output>
          </reporter-output>
        </test-method> <!-- setupParameters -->
        <test-method status="PASS" signature="registrationPage()[pri:0, instance:com.newtours.tests.BookFlightTest@5f2050f6]" name="registrationPage" duration-ms="7721" started-at="2020-10-26T15:13:17Z" finished-at="2020-10-26T15:13:25Z">
          <reporter-output>
          </reporter-output>
        </test-method> <!-- registrationPage -->
        <test-method status="PASS" signature="registrationConfirmationPage()[pri:0, instance:com.newtours.tests.BookFlightTest@5f2050f6]" name="registrationConfirmationPage" duration-ms="369" started-at="2020-10-26T15:13:25Z" depends-on-methods="com.newtours.tests.BookFlightTest.registrationPage" finished-at="2020-10-26T15:13:25Z">
          <reporter-output>
          </reporter-output>
        </test-method> <!-- registrationConfirmationPage -->
        <test-method status="PASS" signature="flightDetailsPage()[pri:0, instance:com.newtours.tests.BookFlightTest@5f2050f6]" name="flightDetailsPage" duration-ms="2568" started-at="2020-10-26T15:13:25Z" depends-on-methods="com.newtours.tests.BookFlightTest.registrationConfirmationPage" finished-at="2020-10-26T15:13:28Z">
          <reporter-output>
          </reporter-output>
        </test-method> <!-- flightDetailsPage -->
        <test-method status="PASS" signature="findFlightPage()[pri:0, instance:com.newtours.tests.BookFlightTest@5f2050f6]" name="findFlightPage" duration-ms="918" started-at="2020-10-26T15:13:28Z" depends-on-methods="com.newtours.tests.BookFlightTest.flightDetailsPage" finished-at="2020-10-26T15:13:29Z">
          <reporter-output>
          </reporter-output>
        </test-method> <!-- findFlightPage -->
        <test-method status="PASS" signature="flightConfirmationPage()[pri:0, instance:com.newtours.tests.BookFlightTest@5f2050f6]" name="flightConfirmationPage" duration-ms="853" started-at="2020-10-26T15:13:29Z" depends-on-methods="com.newtours.tests.BookFlightTest.findFlightPage" finished-at="2020-10-26T15:13:30Z">
          <reporter-output>
          </reporter-output>
        </test-method> <!-- flightConfirmationPage -->
        <test-method status="PASS" signature="quitDriver()[pri:0, instance:com.newtours.tests.BookFlightTest@5f2050f6]" name="quitDriver" is-config="true" duration-ms="72" started-at="2020-10-26T15:13:30Z" finished-at="2020-10-26T15:13:30Z">
          <reporter-output>
          </reporter-output>
        </test-method> <!-- quitDriver -->
      </class> <!-- com.newtours.tests.BookFlightTest -->
    </test> <!-- book-flight-3 -->
  </suite> <!-- book-flight-module -->
</testng-results>
